<?xml version="1.0" encoding="UTF-8"?>
<!-- Generated by org.testng.reporters.JUnitXMLReporter -->
<testsuite ignored="1" hostname="LAPTOP-GVHTHD2P" failures="1" tests="3" name="Loan Department" time="0.047" errors="0" timestamp="2022-04-07T08:07:33 IST">
  <testcase classname="Firstpackage.TestNG" name="Demo0" time="0.006"/>
  <testcase classname="Firstpackage.TestNG" name="Demo1" time="0.0">
    <failure type="org.testng.TestNGException" message="
Parameter &amp;apos;URL&amp;apos; is required by @Test on method Demo1 but has not been marked @Optional or defined
in C:\Users\latha\Desktop\Selenium Projects\Basics\testng2.xml">
      <![CDATA[org.testng.TestNGException: 
Parameter 'URL' is required by @Test on method Demo1 but has not been marked @Optional or defined
in C:\Users\latha\Desktop\Selenium Projects\Basics\testng2.xml
at java.base/java.util.ArrayList.forEach(ArrayList.java:1511)
... Removed 26 stack frames]]>
    </failure>
  </testcase> <!-- Demo1 -->
  <testcase classname="Firstpackage.Personal_Loan" name="P_SignOut1111" time="0.002"/>
  <testcase classname="Firstpackage.Personal_Loan" name="P_SignOut" time="0.0">
    <ignored/>
  </testcase> <!-- P_SignOut -->
</testsuite> <!-- Loan Department -->
