<?xml version="1.0" encoding="UTF-8"?>
<!-- Generated by org.testng.reporters.JUnitXMLReporter -->
<testsuite ignored="3" hostname="LAPTOP-GVHTHD2P" failures="0" tests="3" name="Params" time="0.048" errors="0" timestamp="2022-04-07T08:05:37 IST">
  <testcase classname="Firstpackage.TestNG" name="Demo0" time="0.007"/>
  <testcase classname="Firstpackage.Personal_Loan" name="P_SignOut1111" time="0.006"/>
  <testcase classname="Firstpackage.Car_Loan" name="c_Login11111" time="0.0"/>
  <testcase classname="Firstpackage.Personal_Loan" name="P_SignOut" time="0.0">
    <ignored/>
  </testcase> <!-- P_SignOut -->
  <testcase classname="Firstpackage.TestNG" name="Demo1" time="0.0">
    <ignored/>
  </testcase> <!-- Demo1 -->
  <testcase classname="Firstpackage.Car_Loan" name="c_Login" time="0.0">
    <ignored/>
  </testcase> <!-- c_Login -->
</testsuite> <!-- Params -->
