<?xml version="1.0" encoding="UTF-8"?>
<!-- Generated by org.testng.reporters.JUnitXMLReporter -->
<testsuite ignored="0" hostname="LAPTOP-GVHTHD2P" failures="0" tests="6" name="AdvanceLoan_department" time="0.011" errors="0" timestamp="2022-04-07T07:32:15 IST">
  <testcase classname="Firstpackage.Home_Loan" name="H_Login" time="0.0"/>
  <testcase classname="Firstpackage.Home_Loan" name="H_SignIn" time="0.001"/>
  <testcase classname="Firstpackage.Home_Loan" name="H_SignOut" time="0.001"/>
  <testcase classname="Firstpackage.Car_Loan" name="C_SignIn" time="0.001"/>
  <testcase classname="Firstpackage.Car_Loan" name="C_SignOut" time="0.0"/>
  <testcase classname="Firstpackage.Car_Loan" name="c_Login" time="0.001"/>
</testsuite> <!-- AdvanceLoan_department -->
