<?xml version="1.0" encoding="UTF-8"?>
<!-- Generated by org.testng.reporters.JUnitReportReporter -->
<testsuite hostname="LAPTOP-GVHTHD2P" failures="0" tests="6" name="Firstpackage.Car_Loan" time="0.011" errors="0" timestamp="2022-04-07T18:35:32 IST" skipped="0">
  <testcase classname="Firstpackage.Car_Loan" name="c_Sign" time="0.002"/>
  <system-out/>
  <testcase classname="Firstpackage.Car_Loan" name="c_Login" time="0.002"/>
  <system-out/>
  <testcase classname="Firstpackage.Car_Loan" name="c_zign" time="0.001"/>
  <system-out/>
  <testcase classname="Firstpackage.Car_Loan" name="c_Login11111" time="0.002"/>
  <system-out/>
  <testcase classname="Firstpackage.Car_Loan" name="c_Login143" time="0.002"/>
  <system-out/>
  <testcase classname="Firstpackage.Car_Loan" name="c_LoginStet" time="0.002"/>
  <system-out/>
</testsuite> <!-- Firstpackage.Car_Loan -->
