<?xml version="1.0" encoding="UTF-8"?>
<!-- Generated by org.testng.reporters.JUnitReportReporter -->
<testsuite hostname="LAPTOP-GVHTHD2P" failures="0" tests="2" name="Firstpackage.Home_Loan" time="0.005" errors="0" timestamp="2022-04-07T18:35:32 IST" skipped="0">
  <testcase classname="Firstpackage.Home_Loan" name="H_SignOut2222" time="0.003"/>
  <system-out/>
  <testcase classname="Firstpackage.Home_Loan" name="H_SignOut" time="0.002"/>
  <system-out/>
</testsuite> <!-- Firstpackage.Home_Loan -->
