<?xml version="1.0" encoding="UTF-8"?>
<!-- Generated by org.testng.reporters.JUnitReportReporter -->
<testsuite hostname="LAPTOP-GVHTHD2P" failures="0" tests="2" name="Firstpackage.DataProviders" time="0.006" errors="0" timestamp="2022-04-07T18:40:59 IST" skipped="0">
  <testcase classname="Firstpackage.DataProviders" name="Data" time="0.000"/>
  <system-out/>
  <testcase classname="Firstpackage.DataProviders" name="Data" time="0.006"/>
  <system-out/>
</testsuite> <!-- Firstpackage.DataProviders -->
